[0329/154138.950:INFO:CONSOLE(1)] "Long rAF frame-time", source: file:///C:/Program%20Files/Adobe/Adobe%20Photoshop%202020/Required/www-rich-tooltips/build/external.js (1)
[0329/154139.190:ERROR:mf_helpers.cc(14)] Error in dxva_video_decode_accelerator_win.cc on line 1612
[0329/154139.190:ERROR:mf_helpers.cc(14)] Error in dxva_video_decode_accelerator_win.cc on line 842
[0329/155411.596:WARNING:dns_config_service_win.cc(668)] Failed to read DnsConfig.
[0329/155416.606:WARNING:dns_config_service_win.cc(668)] Failed to read DnsConfig.
[0329/155421.612:WARNING:dns_config_service_win.cc(668)] Failed to read DnsConfig.
[0329/155426.629:WARNING:dns_config_service_win.cc(668)] Failed to read DnsConfig.
[0329/155431.637:WARNING:dns_config_service_win.cc(668)] Failed to read DnsConfig.
[0329/155436.654:WARNING:dns_config_service_win.cc(668)] Failed to read DnsConfig.
[0329/155441.658:WARNING:dns_config_service_win.cc(668)] Failed to read DnsConfig.
[0329/155446.664:WARNING:dns_config_service_win.cc(668)] Failed to read DnsConfig.
[0329/155451.680:WARNING:dns_config_service_win.cc(668)] Failed to read DnsConfig.
[0329/155456.689:WARNING:dns_config_service_win.cc(668)] Failed to read DnsConfig.
[0329/155501.695:WARNING:dns_config_service_win.cc(668)] Failed to read DnsConfig.
[0329/155506.705:WARNING:dns_config_service_win.cc(668)] Failed to read DnsConfig.
[0329/155511.724:WARNING:dns_config_service_win.cc(668)] Failed to read DnsConfig.
[0329/155516.736:WARNING:dns_config_service_win.cc(668)] Failed to read DnsConfig.
[0329/155521.742:WARNING:dns_config_service_win.cc(668)] Failed to read DnsConfig.
[0329/155526.752:WARNING:dns_config_service_win.cc(668)] Failed to read DnsConfig.
[0329/155531.765:WARNING:dns_config_service_win.cc(668)] Failed to read DnsConfig.
[0329/155536.771:WARNING:dns_config_service_win.cc(668)] Failed to read DnsConfig.
[0329/155541.789:WARNING:dns_config_service_win.cc(668)] Failed to read DnsConfig.
[0329/155546.798:WARNING:dns_config_service_win.cc(668)] Failed to read DnsConfig.
[0329/155551.814:WARNING:dns_config_service_win.cc(668)] Failed to read DnsConfig.
[0329/155556.824:WARNING:dns_config_service_win.cc(668)] Failed to read DnsConfig.
[0329/155601.837:WARNING:dns_config_service_win.cc(668)] Failed to read DnsConfig.
[0329/155606.854:WARNING:dns_config_service_win.cc(668)] Failed to read DnsConfig.
[0329/155611.868:WARNING:dns_config_service_win.cc(668)] Failed to read DnsConfig.
[0329/155616.880:WARNING:dns_config_service_win.cc(668)] Failed to read DnsConfig.
[0329/155621.894:WARNING:dns_config_service_win.cc(668)] Failed to read DnsConfig.
[0329/155626.905:WARNING:dns_config_service_win.cc(668)] Failed to read DnsConfig.
[0329/155631.922:WARNING:dns_config_service_win.cc(668)] Failed to read DnsConfig.
[0329/155636.932:WARNING:dns_config_service_win.cc(668)] Failed to read DnsConfig.
[0329/155641.938:WARNING:dns_config_service_win.cc(668)] Failed to read DnsConfig.
[0329/155646.943:WARNING:dns_config_service_win.cc(668)] Failed to read DnsConfig.
[0329/155651.950:WARNING:dns_config_service_win.cc(668)] Failed to read DnsConfig.
[0329/155656.966:WARNING:dns_config_service_win.cc(668)] Failed to read DnsConfig.
[0329/155701.980:WARNING:dns_config_service_win.cc(668)] Failed to read DnsConfig.
[0329/155706.996:WARNING:dns_config_service_win.cc(668)] Failed to read DnsConfig.
[0329/155712.006:WARNING:dns_config_service_win.cc(668)] Failed to read DnsConfig.
[0329/155717.020:WARNING:dns_config_service_win.cc(668)] Failed to read DnsConfig.
[0329/155722.031:WARNING:dns_config_service_win.cc(668)] Failed to read DnsConfig.
[0329/155727.036:WARNING:dns_config_service_win.cc(668)] Failed to read DnsConfig.
[0329/155732.051:WARNING:dns_config_service_win.cc(668)] Failed to read DnsConfig.
[0329/155737.066:WARNING:dns_config_service_win.cc(668)] Failed to read DnsConfig.
[0329/155742.071:WARNING:dns_config_service_win.cc(668)] Failed to read DnsConfig.
[0329/155747.080:WARNING:dns_config_service_win.cc(668)] Failed to read DnsConfig.
[0329/155752.086:WARNING:dns_config_service_win.cc(668)] Failed to read DnsConfig.
[0329/155757.095:WARNING:dns_config_service_win.cc(668)] Failed to read DnsConfig.
[0329/155802.114:WARNING:dns_config_service_win.cc(668)] Failed to read DnsConfig.
[0329/155807.121:WARNING:dns_config_service_win.cc(668)] Failed to read DnsConfig.
[0329/155812.134:WARNING:dns_config_service_win.cc(668)] Failed to read DnsConfig.
[0329/155817.143:WARNING:dns_config_service_win.cc(668)] Failed to read DnsConfig.
[0329/155822.151:WARNING:dns_config_service_win.cc(668)] Failed to read DnsConfig.
[0329/155827.158:WARNING:dns_config_service_win.cc(668)] Failed to read DnsConfig.
[0329/155832.175:WARNING:dns_config_service_win.cc(668)] Failed to read DnsConfig.
[0329/155837.191:WARNING:dns_config_service_win.cc(668)] Failed to read DnsConfig.
[0329/155842.205:WARNING:dns_config_service_win.cc(668)] Failed to read DnsConfig.
[0329/155847.212:WARNING:dns_config_service_win.cc(668)] Failed to read DnsConfig.
[0329/155852.228:WARNING:dns_config_service_win.cc(668)] Failed to read DnsConfig.
[0329/155857.239:WARNING:dns_config_service_win.cc(668)] Failed to read DnsConfig.
[0329/155902.251:WARNING:dns_config_service_win.cc(668)] Failed to read DnsConfig.
[0329/155907.267:WARNING:dns_config_service_win.cc(668)] Failed to read DnsConfig.
[0329/155912.275:WARNING:dns_config_service_win.cc(668)] Failed to read DnsConfig.
[0329/155917.286:WARNING:dns_config_service_win.cc(668)] Failed to read DnsConfig.
[0329/155922.297:WARNING:dns_config_service_win.cc(668)] Failed to read DnsConfig.
[0329/155927.315:WARNING:dns_config_service_win.cc(668)] Failed to read DnsConfig.
[0329/155932.322:WARNING:dns_config_service_win.cc(668)] Failed to read DnsConfig.
[0329/155937.339:WARNING:dns_config_service_win.cc(668)] Failed to read DnsConfig.
[0329/155942.345:WARNING:dns_config_service_win.cc(668)] Failed to read DnsConfig.
[0329/155947.353:WARNING:dns_config_service_win.cc(668)] Failed to read DnsConfig.
[0329/155952.361:WARNING:dns_config_service_win.cc(668)] Failed to read DnsConfig.
[0329/155957.371:WARNING:dns_config_service_win.cc(668)] Failed to read DnsConfig.
[0329/160002.387:WARNING:dns_config_service_win.cc(668)] Failed to read DnsConfig.
[0329/185231.497:WARNING:dns_config_service_win.cc(668)] Failed to read DnsConfig.
[0329/185236.505:WARNING:dns_config_service_win.cc(668)] Failed to read DnsConfig.
[0329/185239.432:WARNING:dns_config_service_win.cc(668)] Failed to read DnsConfig.
[0330/080642.513:WARNING:dns_config_service_win.cc(668)] Failed to read DnsConfig.
[0330/080647.547:WARNING:dns_config_service_win.cc(668)] Failed to read DnsConfig.
[0330/080652.556:WARNING:dns_config_service_win.cc(668)] Failed to read DnsConfig.
[0330/080657.566:WARNING:dns_config_service_win.cc(668)] Failed to read DnsConfig.
[0330/080702.574:WARNING:dns_config_service_win.cc(668)] Failed to read DnsConfig.
[0330/080707.585:WARNING:dns_config_service_win.cc(668)] Failed to read DnsConfig.
[0330/080712.599:WARNING:dns_config_service_win.cc(668)] Failed to read DnsConfig.
[0330/080717.610:WARNING:dns_config_service_win.cc(668)] Failed to read DnsConfig.
[0330/080722.617:WARNING:dns_config_service_win.cc(668)] Failed to read DnsConfig.
[0330/080727.626:WARNING:dns_config_service_win.cc(668)] Failed to read DnsConfig.
[0330/080732.641:WARNING:dns_config_service_win.cc(668)] Failed to read DnsConfig.
[0330/080737.653:WARNING:dns_config_service_win.cc(668)] Failed to read DnsConfig.
[0330/080742.669:WARNING:dns_config_service_win.cc(668)] Failed to read DnsConfig.
[0330/080747.685:WARNING:dns_config_service_win.cc(668)] Failed to read DnsConfig.
[0330/080748.167:WARNING:dns_config_service_win.cc(668)] Failed to read DnsConfig.
[0330/080748.215:WARNING:dns_config_service_win.cc(668)] Failed to read DnsConfig.
[0330/080748.259:WARNING:dns_config_service_win.cc(668)] Failed to read DnsConfig.
[0330/081129.699:ERROR:browser_gpu_channel_host_factory.cc(139)] Failed to launch GPU process.
[0412/164549.014:WARNING:angle_platform_impl.cc(52)] compileToBinary(230): 
C:\fakepath(57,8-58): warning X3571: pow(f, e) will not work for negative f, use abs(f) or conditionally handle negative values if you expect them
C:\fakepath(65,8-28): warning X3571: pow(f, e) will not work for negative f, use abs(f) or conditionally handle negative values if you expect them

[0413/081648.668:WARNING:angle_platform_impl.cc(52)] compileToBinary(230): 
C:\fakepath(57,8-58): warning X3571: pow(f, e) will not work for negative f, use abs(f) or conditionally handle negative values if you expect them
C:\fakepath(65,8-28): warning X3571: pow(f, e) will not work for negative f, use abs(f) or conditionally handle negative values if you expect them

[0413/081817.849:WARNING:dns_config_service_win.cc(668)] Failed to read DnsConfig.
[0413/081822.855:WARNING:dns_config_service_win.cc(668)] Failed to read DnsConfig.
[0413/081827.864:WARNING:dns_config_service_win.cc(668)] Failed to read DnsConfig.
[0414/074821.814:WARNING:dns_config_service_win.cc(668)] Failed to read DnsConfig.
[0415/093526.830:WARNING:angle_platform_impl.cc(52)] compileToBinary(230): 
C:\fakepath(57,8-58): warning X3571: pow(f, e) will not work for negative f, use abs(f) or conditionally handle negative values if you expect them
C:\fakepath(65,8-28): warning X3571: pow(f, e) will not work for negative f, use abs(f) or conditionally handle negative values if you expect them

[0415/104810.502:WARNING:angle_platform_impl.cc(52)] compileToBinary(230): 
C:\fakepath(57,8-58): warning X3571: pow(f, e) will not work for negative f, use abs(f) or conditionally handle negative values if you expect them
C:\fakepath(65,8-28): warning X3571: pow(f, e) will not work for negative f, use abs(f) or conditionally handle negative values if you expect them

[0417/114422.911:WARNING:angle_platform_impl.cc(52)] compileToBinary(230): 
C:\fakepath(57,8-58): warning X3571: pow(f, e) will not work for negative f, use abs(f) or conditionally handle negative values if you expect them
C:\fakepath(65,8-28): warning X3571: pow(f, e) will not work for negative f, use abs(f) or conditionally handle negative values if you expect them

[0417/114507.450:ERROR:mf_helpers.cc(14)] Error in dxva_video_decode_accelerator_win.cc on line 1612
[0417/114507.451:ERROR:mf_helpers.cc(14)] Error in dxva_video_decode_accelerator_win.cc on line 842
[0417/114507.509:WARNING:angle_platform_impl.cc(52)] compileToBinary(230): 
C:\fakepath(69,8-58): warning X3571: pow(f, e) will not work for negative f, use abs(f) or conditionally handle negative values if you expect them
C:\fakepath(77,8-28): warning X3571: pow(f, e) will not work for negative f, use abs(f) or conditionally handle negative values if you expect them

