[0415/165033.459:WARNING:angle_platform_impl.cc(52)] compileToBinary(230): 
C:\fakepath(57,8-58): warning X3571: pow(f, e) will not work for negative f, use abs(f) or conditionally handle negative values if you expect them
C:\fakepath(65,8-28): warning X3571: pow(f, e) will not work for negative f, use abs(f) or conditionally handle negative values if you expect them

[0417/111454.880:WARNING:angle_platform_impl.cc(52)] compileToBinary(230): 
C:\fakepath(57,8-58): warning X3571: pow(f, e) will not work for negative f, use abs(f) or conditionally handle negative values if you expect them
C:\fakepath(65,8-28): warning X3571: pow(f, e) will not work for negative f, use abs(f) or conditionally handle negative values if you expect them

[0417/111946.787:INFO:CONSOLE(1)] "Long rAF frame-time", source: file:///C:/Program%20Files/Adobe/Adobe%20Photoshop%202020/Required/www-rich-tooltips/build/external.js (1)
[0417/111947.055:ERROR:mf_helpers.cc(14)] Error in dxva_video_decode_accelerator_win.cc on line 1612
[0417/111947.055:ERROR:mf_helpers.cc(14)] Error in dxva_video_decode_accelerator_win.cc on line 842
[0504/162304.061:WARNING:dns_config_service_win.cc(668)] Failed to read DnsConfig.
[0504/162309.079:WARNING:dns_config_service_win.cc(668)] Failed to read DnsConfig.
[0504/162314.095:WARNING:dns_config_service_win.cc(668)] Failed to read DnsConfig.
[0504/162319.108:WARNING:dns_config_service_win.cc(668)] Failed to read DnsConfig.
[0504/162324.124:WARNING:dns_config_service_win.cc(668)] Failed to read DnsConfig.
[0504/162329.136:WARNING:dns_config_service_win.cc(668)] Failed to read DnsConfig.
[0504/162333.241:WARNING:dns_config_service_win.cc(668)] Failed to read DnsConfig.
[0504/162333.256:WARNING:dns_config_service_win.cc(668)] Failed to read DnsConfig.
[0504/162334.145:WARNING:dns_config_service_win.cc(668)] Failed to read DnsConfig.
[0504/162338.260:WARNING:dns_config_service_win.cc(668)] Failed to read DnsConfig.
[0504/162338.278:WARNING:dns_config_service_win.cc(668)] Failed to read DnsConfig.
[0504/162339.158:WARNING:dns_config_service_win.cc(668)] Failed to read DnsConfig.
[0504/162340.557:WARNING:dns_config_service_win.cc(668)] Failed to read DnsConfig.
